[setLogFilename:284] Warning: Logging to renamed logging file (./Logs/nvngx_01.log)
[NGXSafeInitializeLog:141] App logging hooks successfully initialized
[NGXNVAPITelemetryInit:639] warning: Telemetry not supported on Linux
[NGXDRSInit:364] Linux: Skipping DRS Init.
[NVSDK_NGX_VULKAN_Init_Validate:175] called from module libGfxPluginDLSSPlugin.so at Assets/Plugins
[NGXLoadFromPath:1986] Loading most recent 'libnvidia-ngx-dldenoiser.so' snippet from './Assets/Plugins'...
[NGXLoadFromPath:2009]     Found 2 snippets:
[NGXLoadFromPath:2011]         libnvidia-ngx-dlss.so.3.5.0.meta
[NGXLoadFromPath:2011]         libnvidia-ngx-dlss.so.3.5.0
[NGXLoadFromPath:1986] Loading most recent 'libnvidia-ngx-dldenoiser.so' snippet from 'Assets/Plugins'...
[NGXLoadFromPath:2009]     Found 2 snippets:
[NGXLoadFromPath:2011]         libnvidia-ngx-dlss.so.3.5.0.meta
[NGXLoadFromPath:2011]         libnvidia-ngx-dlss.so.3.5.0
[NGXSecureLoadFeature:595] warning: ModuleName - libnvidia-ngx-dldenoiser.so doesn't exist in any of the search paths!
[NGXLoadFromPath:1986] Loading most recent 'libnvidia-ngx-dlss.so' snippet from './Assets/Plugins'...
[NGXLoadFromPath:2009]     Found 2 snippets:
[NGXLoadFromPath:2011]         libnvidia-ngx-dlss.so.3.5.0.meta
[NGXLoadFromPath:2011]         libnvidia-ngx-dlss.so.3.5.0
[NGXLoadLibrary:53] failed to load signed snippet - Unable to find correct signature ELF section
[NGXLoadAndValidateSnippet:1856] nvLoadSignedLibraryW() failed on snippet '/home/thaddeus/Documents/Programming/Unity/DLSSPlugin/UnityProject/Assets/Plugins/libnvidia-ngx-dlss.so.3.5.0.meta' missing or corrupted - last error Invalid argument
[NGXValidateSnippetMetaData:1753] Validating snippet /home/thaddeus/Documents/Programming/Unity/DLSSPlugin/UnityProject/Assets/Plugins/libnvidia-ngx-dlss.so.3.5.0.meta
[NGXValidateSnippetMetaData:1755] NGX CORE API version : 0x15, Snippet requires at least : 0x0
[NGXValidateSnippetMetaData:1759] GPU architecture : 0x160, Snippet expects at least : 0x0
[NGXValidateSnippetMetaData:1774] Driver support flags : 0xF(SEAMLESS_OTA|LINUX_EXTENDED_DRIVER_VERSIONS|API_SPECIFIC_POPULATE_PARAMS|REQUIRE_CMSID), Snippet required flags : 0x0()
[NGXValidateSnippetMetaData:1802] Driver version : 535.86.5, Snippet expects at least : 0.0
[NGXValidateSnippetMetaData:1829] Snippet version : 0.0.0, Embedded app Id : 0000000 (241534723)
[NGXLoadLibrary:79] Loaded library from path (/home/thaddeus/Documents/Programming/Unity/DLSSPlugin/UnityProject/Assets/Plugins/libnvidia-ngx-dlss.so.3.5.0)
[NGXValidateSnippetMetaData:1753] Validating snippet /home/thaddeus/Documents/Programming/Unity/DLSSPlugin/UnityProject/Assets/Plugins/libnvidia-ngx-dlss.so.3.5.0
[NGXValidateSnippetMetaData:1755] NGX CORE API version : 0x15, Snippet requires at least : 0x13
[NGXValidateSnippetMetaData:1759] GPU architecture : 0x160, Snippet expects at least : 0x160
[NGXValidateSnippetMetaData:1774] Driver support flags : 0xF(SEAMLESS_OTA|LINUX_EXTENDED_DRIVER_VERSIONS|API_SPECIFIC_POPULATE_PARAMS|REQUIRE_CMSID), Snippet required flags : 0xF(SEAMLESS_OTA|LINUX_EXTENDED_DRIVER_VERSIONS|API_SPECIFIC_POPULATE_PARAMS|REQUIRE_CMSID)
[NGXValidateSnippetMetaData:1802] Driver version : 535.86.5, Snippet expects at least : 445.0
[NGXValidateSnippetMetaData:1829] Snippet version : 3.5.0, Embedded app Id : E658703 (0)
[NGXSecureLoadFeature:672] app 3AC09EF feature dlss snippet: ./Assets/Plugins/libnvidia-ngx-dlss.so version: 3.5.0
[NGXReadConfigFile:632] Reading configuration file from '(null)'
[NGXReadConfigFile:638] error: Invalid configuration file '(null)'
[NGXReadConfigFile:632] Reading configuration file from '/home/thaddeus/.config/nvidia-ngx-conf.json'
[NGXReadConfigFile:638] error: Invalid configuration file '/home/thaddeus/.config/nvidia-ngx-conf.json'
[NGXReadConfigFile:632] Reading configuration file from '/usr/share/nvidia/nvidia-ngx-conf.json'
[NGXReadConfigFile:638] error: Invalid configuration file '/usr/share/nvidia/nvidia-ngx-conf.json'
[NGXReadJSONConfigFile:748] warning: Unable to read configuration file '/usr/share/nvidia/nvidia-ngx-conf.json'
[NGXReadConfigFile:632] Reading configuration file from '(null)'
[NGXReadConfigFile:638] error: Invalid configuration file '(null)'
[NGXReadConfigFile:632] Reading configuration file from '/home/thaddeus/.config/nvidia-ngx-conf.json'
[NGXReadConfigFile:638] error: Invalid configuration file '/home/thaddeus/.config/nvidia-ngx-conf.json'
[NGXReadConfigFile:632] Reading configuration file from '/usr/share/nvidia/nvidia-ngx-conf.json'
[NGXReadConfigFile:638] error: Invalid configuration file '/usr/share/nvidia/nvidia-ngx-conf.json'
[NGXReadJSONConfigFile:748] warning: Unable to read configuration file '/usr/share/nvidia/nvidia-ngx-conf.json'
[NGXGetPath:955] warning: Defaulting to '/usr/share/nvidia/ngx' models directory
[NGXCreateDirectoryRecursively:1318] failed to create directory /usr/share/nvidia/ngx - Permission denied
[NGXCreateModelsFolder:1348] error: could not create model folder
[NGXSecureLoadFeature:924] unable to read the deny list. Assuming that the feature is allowed.
[NGXLoadFeature:997] Setting show info tip callback for dlss
[NGXLoadFromPath:1986] Loading most recent 'libnvidia-ngx-dlinpainting.so' snippet from './Assets/Plugins'...
[NGXLoadFromPath:2009]     Found 2 snippets:
[NGXLoadFromPath:2011]         libnvidia-ngx-dlss.so.3.5.0.meta
[NGXLoadFromPath:2011]         libnvidia-ngx-dlss.so.3.5.0
[NGXLoadFromPath:1986] Loading most recent 'libnvidia-ngx-dlinpainting.so' snippet from 'Assets/Plugins'...
[NGXLoadFromPath:2009]     Found 2 snippets:
[NGXLoadFromPath:2011]         libnvidia-ngx-dlss.so.3.5.0.meta
[NGXLoadFromPath:2011]         libnvidia-ngx-dlss.so.3.5.0
[NGXSecureLoadFeature:595] warning: ModuleName - libnvidia-ngx-dlinpainting.so doesn't exist in any of the search paths!
[NGXLoadFromPath:1986] Loading most recent 'libnvidia-ngx-dlisr.so' snippet from './Assets/Plugins'...
[NGXLoadFromPath:2009]     Found 2 snippets:
[NGXLoadFromPath:2011]         libnvidia-ngx-dlss.so.3.5.0.meta
[NGXLoadFromPath:2011]         libnvidia-ngx-dlss.so.3.5.0
[NGXLoadFromPath:1986] Loading most recent 'libnvidia-ngx-dlisr.so' snippet from 'Assets/Plugins'...
[NGXLoadFromPath:2009]     Found 2 snippets:
[NGXLoadFromPath:2011]         libnvidia-ngx-dlss.so.3.5.0.meta
[NGXLoadFromPath:2011]         libnvidia-ngx-dlss.so.3.5.0
[NGXSecureLoadFeature:595] warning: ModuleName - libnvidia-ngx-dlisr.so doesn't exist in any of the search paths!
[NGXLoadFromPath:1986] Loading most recent 'libnvidia-ngx-dlslowmo.so' snippet from './Assets/Plugins'...
[NGXLoadFromPath:2009]     Found 2 snippets:
[NGXLoadFromPath:2011]         libnvidia-ngx-dlss.so.3.5.0.meta
[NGXLoadFromPath:2011]         libnvidia-ngx-dlss.so.3.5.0
[NGXLoadFromPath:1986] Loading most recent 'libnvidia-ngx-dlslowmo.so' snippet from 'Assets/Plugins'...
[NGXLoadFromPath:2009]     Found 2 snippets:
[NGXLoadFromPath:2011]         libnvidia-ngx-dlss.so.3.5.0.meta
[NGXLoadFromPath:2011]         libnvidia-ngx-dlss.so.3.5.0
[NGXSecureLoadFeature:595] warning: ModuleName - libnvidia-ngx-dlslowmo.so doesn't exist in any of the search paths!
[NGXLoadFromPath:1986] Loading most recent 'libnvidia-ngx-dlvsr.so' snippet from './Assets/Plugins'...
[NGXLoadFromPath:2009]     Found 2 snippets:
[NGXLoadFromPath:2011]         libnvidia-ngx-dlss.so.3.5.0.meta
[NGXLoadFromPath:2011]         libnvidia-ngx-dlss.so.3.5.0
[NGXLoadFromPath:1986] Loading most recent 'libnvidia-ngx-dlvsr.so' snippet from 'Assets/Plugins'...
[NGXLoadFromPath:2009]     Found 2 snippets:
[NGXLoadFromPath:2011]         libnvidia-ngx-dlss.so.3.5.0.meta
[NGXLoadFromPath:2011]         libnvidia-ngx-dlss.so.3.5.0
[NGXSecureLoadFeature:595] warning: ModuleName - libnvidia-ngx-dlvsr.so doesn't exist in any of the search paths!
[NGXLoadFromPath:1986] Loading most recent 'libnvidia-ngx-dlcolorize.so' snippet from './Assets/Plugins'...
[NGXLoadFromPath:2009]     Found 2 snippets:
[NGXLoadFromPath:2011]         libnvidia-ngx-dlss.so.3.5.0.meta
[NGXLoadFromPath:2011]         libnvidia-ngx-dlss.so.3.5.0
[NGXLoadFromPath:1986] Loading most recent 'libnvidia-ngx-dlcolorize.so' snippet from 'Assets/Plugins'...
[NGXLoadFromPath:2009]     Found 2 snippets:
[NGXLoadFromPath:2011]         libnvidia-ngx-dlss.so.3.5.0.meta
[NGXLoadFromPath:2011]         libnvidia-ngx-dlss.so.3.5.0
[NGXSecureLoadFeature:595] warning: ModuleName - libnvidia-ngx-dlcolorize.so doesn't exist in any of the search paths!
[NGXLoadFromPath:1986] Loading most recent 'libnvidia-ngx-dlstyletransfer.so' snippet from './Assets/Plugins'...
[NGXLoadFromPath:2009]     Found 2 snippets:
[NGXLoadFromPath:2011]         libnvidia-ngx-dlss.so.3.5.0.meta
[NGXLoadFromPath:2011]         libnvidia-ngx-dlss.so.3.5.0
[NGXLoadFromPath:1986] Loading most recent 'libnvidia-ngx-dlstyletransfer.so' snippet from 'Assets/Plugins'...
[NGXLoadFromPath:2009]     Found 2 snippets:
[NGXLoadFromPath:2011]         libnvidia-ngx-dlss.so.3.5.0.meta
[NGXLoadFromPath:2011]         libnvidia-ngx-dlss.so.3.5.0
[NGXSecureLoadFeature:595] warning: ModuleName - libnvidia-ngx-dlstyletransfer.so doesn't exist in any of the search paths!
[NGXLoadFromPath:1986] Loading most recent 'libnvidia-ngx-dlvdenoiser.so' snippet from './Assets/Plugins'...
[NGXLoadFromPath:2009]     Found 2 snippets:
[NGXLoadFromPath:2011]         libnvidia-ngx-dlss.so.3.5.0.meta
[NGXLoadFromPath:2011]         libnvidia-ngx-dlss.so.3.5.0
[NGXLoadFromPath:1986] Loading most recent 'libnvidia-ngx-dlvdenoiser.so' snippet from 'Assets/Plugins'...
[NGXLoadFromPath:2009]     Found 2 snippets:
[NGXLoadFromPath:2011]         libnvidia-ngx-dlss.so.3.5.0.meta
[NGXLoadFromPath:2011]         libnvidia-ngx-dlss.so.3.5.0
[NGXSecureLoadFeature:595] warning: ModuleName - libnvidia-ngx-dlvdenoiser.so doesn't exist in any of the search paths!
[NGXLoadFromPath:1986] Loading most recent 'libnvidia-ngx-dlisp.so' snippet from './Assets/Plugins'...
[NGXLoadFromPath:2009]     Found 2 snippets:
[NGXLoadFromPath:2011]         libnvidia-ngx-dlss.so.3.5.0.meta
[NGXLoadFromPath:2011]         libnvidia-ngx-dlss.so.3.5.0
[NGXLoadFromPath:1986] Loading most recent 'libnvidia-ngx-dlisp.so' snippet from 'Assets/Plugins'...
[NGXLoadFromPath:2009]     Found 2 snippets:
[NGXLoadFromPath:2011]         libnvidia-ngx-dlss.so.3.5.0.meta
[NGXLoadFromPath:2011]         libnvidia-ngx-dlss.so.3.5.0
[NGXSecureLoadFeature:595] warning: ModuleName - libnvidia-ngx-dlisp.so doesn't exist in any of the search paths!
[NGXLoadFromPath:1986] Loading most recent 'libnvidia-ngx-dlresolve.so' snippet from './Assets/Plugins'...
[NGXLoadFromPath:2009]     Found 2 snippets:
[NGXLoadFromPath:2011]         libnvidia-ngx-dlss.so.3.5.0.meta
[NGXLoadFromPath:2011]         libnvidia-ngx-dlss.so.3.5.0
[NGXLoadFromPath:1986] Loading most recent 'libnvidia-ngx-dlresolve.so' snippet from 'Assets/Plugins'...
[NGXLoadFromPath:2009]     Found 2 snippets:
[NGXLoadFromPath:2011]         libnvidia-ngx-dlss.so.3.5.0.meta
[NGXLoadFromPath:2011]         libnvidia-ngx-dlss.so.3.5.0
[NGXSecureLoadFeature:595] warning: ModuleName - libnvidia-ngx-dlresolve.so doesn't exist in any of the search paths!
[NGXLoadFromPath:1986] Loading most recent 'libnvidia-ngx-dlssg.so' snippet from './Assets/Plugins'...
[NGXLoadFromPath:2009]     Found 2 snippets:
[NGXLoadFromPath:2011]         libnvidia-ngx-dlss.so.3.5.0.meta
[NGXLoadFromPath:2011]         libnvidia-ngx-dlss.so.3.5.0
[NGXLoadFromPath:1986] Loading most recent 'libnvidia-ngx-dlssg.so' snippet from 'Assets/Plugins'...
[NGXLoadFromPath:2009]     Found 2 snippets:
[NGXLoadFromPath:2011]         libnvidia-ngx-dlss.so.3.5.0.meta
[NGXLoadFromPath:2011]         libnvidia-ngx-dlss.so.3.5.0
[NGXSecureLoadFeature:595] warning: ModuleName - libnvidia-ngx-dlssg.so doesn't exist in any of the search paths!
[NGXLoadFromPath:1986] Loading most recent 'libnvidia-ngx-deepdvc.so' snippet from './Assets/Plugins'...
[NGXLoadFromPath:2009]     Found 2 snippets:
[NGXLoadFromPath:2011]         libnvidia-ngx-dlss.so.3.5.0.meta
[NGXLoadFromPath:2011]         libnvidia-ngx-dlss.so.3.5.0
[NGXLoadFromPath:1986] Loading most recent 'libnvidia-ngx-deepdvc.so' snippet from 'Assets/Plugins'...
[NGXLoadFromPath:2009]     Found 2 snippets:
[NGXLoadFromPath:2011]         libnvidia-ngx-dlss.so.3.5.0.meta
[NGXLoadFromPath:2011]         libnvidia-ngx-dlss.so.3.5.0
[NGXSecureLoadFeature:595] warning: ModuleName - libnvidia-ngx-deepdvc.so doesn't exist in any of the search paths!
